{
  "RSpec": {
    "coverage": {
      "/Users/madelinemauser/turing_work/1mod/enigma/lib/enigma.rb": {
        "lines": [
          1,
          1,
          1,
          1,
          1,
          null,
          null,
          1,
          15,
          15,
          15,
          166,
          165,
          165,
          165,
          165,
          null,
          1,
          null,
          null,
          15,
          null,
          null,
          1,
          3,
          3,
          3,
          34,
          33,
          33,
          33,
          33,
          null,
          1,
          null,
          null,
          3,
          null,
          null,
          1,
          199,
          199,
          199,
          199,
          null,
          199,
          199,
          199,
          199,
          199,
          null,
          199,
          199,
          199,
          199,
          null,
          199,
          null,
          null,
          1,
          9,
          null,
          null
        ]
      }
    },
    "timestamp": 1660080632
  }
}
